TN:
SF:C:\Users\Administrator\Desktop\Assignment  1 API test automation and Source Control\app.js
FN:67,(anonymous_0)
FN:72,(anonymous_1)
FNF:2
FNH:0
FNDA:0,(anonymous_0)
FNDA:0,(anonymous_1)
DA:1,1
DA:2,1
DA:3,1
DA:4,1
DA:5,1
DA:6,1
DA:8,1
DA:9,1
DA:13,1
DA:14,1
DA:15,1
DA:16,1
DA:18,1
DA:21,1
DA:22,1
DA:23,1
DA:24,0
DA:27,1
DA:28,1
DA:29,1
DA:30,1
DA:33,1
DA:34,1
DA:35,1
DA:36,1
DA:37,1
DA:38,1
DA:39,1
DA:40,1
DA:41,1
DA:42,1
DA:43,1
DA:45,1
DA:46,1
DA:47,1
DA:48,1
DA:49,1
DA:50,1
DA:51,1
DA:53,1
DA:54,1
DA:55,1
DA:56,1
DA:57,1
DA:58,1
DA:59,1
DA:61,1
DA:62,1
DA:63,1
DA:64,1
DA:65,1
DA:67,1
DA:68,0
DA:72,1
DA:74,0
DA:75,0
DA:78,0
DA:79,0
DA:82,1
LF:59
LH:53
BRDA:23,0,0,0
BRDA:23,0,1,1
BRDA:75,1,0,0
BRDA:75,1,1,0
BRDA:78,2,0,0
BRDA:78,2,1,0
BRF:6
BRH:1
end_of_record
TN:
SF:C:\Users\Administrator\Desktop\Assignment  1 API test automation and Source Control\models\account.js
FNF:0
FNH:0
DA:1,1
DA:3,1
DA:14,1
LF:3
LH:3
BRF:0
BRH:0
end_of_record
TN:
SF:C:\Users\Administrator\Desktop\Assignment  1 API test automation and Source Control\models\order.js
FNF:0
FNH:0
DA:1,1
DA:3,1
DA:18,1
LF:3
LH:3
BRF:0
BRH:0
end_of_record
TN:
SF:C:\Users\Administrator\Desktop\Assignment  1 API test automation and Source Control\models\selling.js
FNF:0
FNH:0
DA:1,1
DA:3,1
DA:16,1
LF:3
LH:3
BRF:0
BRH:0
end_of_record
TN:
SF:C:\Users\Administrator\Desktop\Assignment  1 API test automation and Source Control\models\sneaker.js
FNF:0
FNH:0
DA:1,1
DA:3,1
DA:15,1
LF:3
LH:3
BRF:0
BRH:0
end_of_record
TN:
SF:C:\Users\Administrator\Desktop\Assignment  1 API test automation and Source Control\routes\account.js
FN:10,(anonymous_0)
FN:14,(anonymous_1)
FN:17,(anonymous_2)
FN:21,(anonymous_3)
FN:28,(anonymous_4)
FN:32,(anonymous_5)
FN:39,(anonymous_6)
FN:48,(anonymous_7)
FN:55,(anonymous_8)
FN:81,(anonymous_9)
FN:89,(anonymous_10)
FN:109,(anonymous_11)
FN:117,(anonymous_12)
FN:132,(anonymous_13)
FN:139,(anonymous_14)
FN:141,(anonymous_15)
FNF:16
FNH:15
FNDA:0,(anonymous_0)
FNDA:1,(anonymous_1)
FNDA:3,(anonymous_2)
FNDA:3,(anonymous_3)
FNDA:1,(anonymous_4)
FNDA:1,(anonymous_5)
FNDA:1,(anonymous_6)
FNDA:1,(anonymous_7)
FNDA:1,(anonymous_8)
FNDA:1,(anonymous_9)
FNDA:1,(anonymous_10)
FNDA:1,(anonymous_11)
FNDA:1,(anonymous_12)
FNDA:1,(anonymous_13)
FNDA:2,(anonymous_14)
FNDA:2,(anonymous_15)
DA:3,1
DA:4,1
DA:7,1
DA:8,1
DA:9,1
DA:10,1
DA:11,0
DA:14,1
DA:15,1
DA:17,1
DA:19,3
DA:21,3
DA:22,3
DA:23,0
DA:25,3
DA:28,1
DA:30,1
DA:32,1
DA:33,1
DA:34,0
DA:36,1
DA:39,1
DA:41,1
DA:42,1
DA:43,1
DA:48,1
DA:49,1
DA:50,0
DA:52,1
DA:55,1
DA:57,1
DA:58,1
DA:82,1
DA:83,0
DA:85,1
DA:89,1
DA:91,1
DA:92,1
DA:110,1
DA:111,0
DA:113,1
DA:117,1
DA:119,1
DA:121,1
DA:123,1
DA:124,1
DA:125,1
DA:126,1
DA:127,1
DA:128,1
DA:129,1
DA:130,1
DA:132,1
DA:133,1
DA:134,0
DA:136,1
DA:139,1
DA:141,2
DA:142,2
DA:143,1
DA:145,1
DA:149,1
LF:62
LH:55
BRDA:22,0,0,0
BRDA:22,0,1,3
BRDA:33,1,0,0
BRDA:33,1,1,1
BRDA:49,2,0,0
BRDA:49,2,1,1
BRDA:82,3,0,0
BRDA:82,3,1,1
BRDA:110,4,0,0
BRDA:110,4,1,1
BRDA:133,5,0,0
BRDA:133,5,1,1
BRDA:142,6,0,1
BRDA:142,6,1,1
BRF:14
BRH:8
end_of_record
TN:
SF:C:\Users\Administrator\Desktop\Assignment  1 API test automation and Source Control\routes\index.js
FN:5,(anonymous_0)
FNF:1
FNH:0
FNDA:0,(anonymous_0)
DA:1,1
DA:2,1
DA:5,1
DA:6,0
DA:9,1
LF:5
LH:4
BRF:0
BRH:0
end_of_record
TN:
SF:C:\Users\Administrator\Desktop\Assignment  1 API test automation and Source Control\routes\order.js
FN:10,(anonymous_0)
FN:14,(anonymous_1)
FN:17,(anonymous_2)
FN:21,(anonymous_3)
FN:28,(anonymous_4)
FN:32,(anonymous_5)
FN:39,(anonymous_6)
FN:48,(anonymous_7)
FN:55,(anonymous_8)
FN:65,(anonymous_9)
FN:74,(anonymous_10)
FN:76,(anonymous_11)
FN:81,(anonymous_12)
FN:90,(anonymous_13)
FN:107,(anonymous_14)
FN:114,(anonymous_15)
FN:116,(anonymous_16)
FNF:17
FNH:16
FNDA:0,(anonymous_0)
FNDA:1,(anonymous_1)
FNDA:3,(anonymous_2)
FNDA:3,(anonymous_3)
FNDA:1,(anonymous_4)
FNDA:1,(anonymous_5)
FNDA:1,(anonymous_6)
FNDA:1,(anonymous_7)
FNDA:1,(anonymous_8)
FNDA:1,(anonymous_9)
FNDA:2,(anonymous_10)
FNDA:2,(anonymous_11)
FNDA:1,(anonymous_12)
FNDA:1,(anonymous_13)
FNDA:1,(anonymous_14)
FNDA:2,(anonymous_15)
FNDA:2,(anonymous_16)
DA:3,1
DA:4,1
DA:7,1
DA:8,1
DA:9,1
DA:10,1
DA:11,0
DA:14,1
DA:15,1
DA:17,1
DA:19,3
DA:21,3
DA:22,3
DA:23,0
DA:25,3
DA:28,1
DA:30,1
DA:32,1
DA:33,1
DA:34,0
DA:36,1
DA:39,1
DA:41,1
DA:42,1
DA:43,1
DA:48,1
DA:49,1
DA:50,0
DA:52,1
DA:55,1
DA:57,1
DA:58,1
DA:66,1
DA:67,0
DA:69,1
DA:74,1
DA:76,2
DA:77,2
DA:78,1
DA:80,1
DA:81,1
DA:82,1
DA:83,0
DA:85,1
DA:90,1
DA:92,1
DA:94,1
DA:95,1
DA:96,1
DA:97,1
DA:98,1
DA:99,1
DA:100,1
DA:101,1
DA:102,1
DA:103,1
DA:104,1
DA:105,1
DA:107,1
DA:108,1
DA:109,0
DA:111,1
DA:114,1
DA:116,2
DA:117,2
DA:118,1
DA:120,1
DA:124,1
LF:68
LH:61
BRDA:22,0,0,0
BRDA:22,0,1,3
BRDA:33,1,0,0
BRDA:33,1,1,1
BRDA:49,2,0,0
BRDA:49,2,1,1
BRDA:66,3,0,0
BRDA:66,3,1,1
BRDA:77,4,0,1
BRDA:77,4,1,1
BRDA:82,5,0,0
BRDA:82,5,1,1
BRDA:108,6,0,0
BRDA:108,6,1,1
BRDA:117,7,0,1
BRDA:117,7,1,1
BRF:16
BRH:10
end_of_record
TN:
SF:C:\Users\Administrator\Desktop\Assignment  1 API test automation and Source Control\routes\selling.js
FN:10,(anonymous_0)
FN:14,(anonymous_1)
FN:17,(anonymous_2)
FN:21,(anonymous_3)
FN:28,(anonymous_4)
FN:32,(anonymous_5)
FN:39,(anonymous_6)
FN:51,(anonymous_7)
FN:59,(anonymous_8)
FN:62,(anonymous_9)
FN:69,(anonymous_10)
FN:92,(anonymous_11)
FN:100,(anonymous_12)
FN:102,(anonymous_13)
FN:107,(anonymous_14)
FN:116,(anonymous_15)
FN:131,(anonymous_16)
FN:138,(anonymous_17)
FN:140,(anonymous_18)
FN:147,(anonymous_19)
FN:148,(anonymous_20)
FN:160,(anonymous_21)
FNF:22
FNH:21
FNDA:0,(anonymous_0)
FNDA:1,(anonymous_1)
FNDA:3,(anonymous_2)
FNDA:3,(anonymous_3)
FNDA:1,(anonymous_4)
FNDA:1,(anonymous_5)
FNDA:1,(anonymous_6)
FNDA:1,(anonymous_7)
FNDA:1,(anonymous_8)
FNDA:1,(anonymous_9)
FNDA:1,(anonymous_10)
FNDA:1,(anonymous_11)
FNDA:2,(anonymous_12)
FNDA:2,(anonymous_13)
FNDA:1,(anonymous_14)
FNDA:1,(anonymous_15)
FNDA:1,(anonymous_16)
FNDA:2,(anonymous_17)
FNDA:2,(anonymous_18)
FNDA:1,(anonymous_19)
FNDA:1,(anonymous_20)
FNDA:1,(anonymous_21)
DA:3,1
DA:4,1
DA:7,1
DA:8,1
DA:9,1
DA:10,1
DA:11,0
DA:14,1
DA:15,1
DA:17,1
DA:19,3
DA:21,3
DA:22,3
DA:23,0
DA:25,3
DA:28,1
DA:30,1
DA:32,1
DA:33,1
DA:34,0
DA:36,1
DA:39,1
DA:41,1
DA:42,1
DA:43,1
DA:51,1
DA:52,1
DA:53,0
DA:55,1
DA:59,1
DA:61,1
DA:62,1
DA:63,1
DA:64,0
DA:66,1
DA:69,1
DA:71,1
DA:74,1
DA:93,1
DA:94,0
DA:96,1
DA:100,1
DA:102,2
DA:103,2
DA:104,1
DA:106,1
DA:107,1
DA:108,1
DA:109,0
DA:111,1
DA:116,1
DA:118,1
DA:120,1
DA:121,1
DA:122,1
DA:123,1
DA:124,1
DA:125,1
DA:126,1
DA:127,1
DA:128,1
DA:129,1
DA:131,1
DA:132,1
DA:133,0
DA:135,1
DA:138,1
DA:140,2
DA:141,2
DA:142,1
DA:144,1
DA:147,1
DA:148,1
DA:149,1
DA:150,0
DA:152,1
DA:153,1
DA:154,1
DA:155,1
DA:156,1
DA:157,1
DA:158,1
DA:159,1
DA:160,1
DA:161,1
DA:162,0
DA:164,1
DA:169,1
LF:88
LH:78
BRDA:22,0,0,0
BRDA:22,0,1,3
BRDA:33,1,0,0
BRDA:33,1,1,1
BRDA:52,2,0,0
BRDA:52,2,1,1
BRDA:63,3,0,0
BRDA:63,3,1,1
BRDA:93,4,0,0
BRDA:93,4,1,1
BRDA:103,5,0,1
BRDA:103,5,1,1
BRDA:108,6,0,0
BRDA:108,6,1,1
BRDA:132,7,0,0
BRDA:132,7,1,1
BRDA:141,8,0,1
BRDA:141,8,1,1
BRDA:149,9,0,0
BRDA:149,9,1,1
BRDA:161,10,0,0
BRDA:161,10,1,1
BRF:22
BRH:13
end_of_record
TN:
SF:C:\Users\Administrator\Desktop\Assignment  1 API test automation and Source Control\routes\sneaker.js
FN:10,(anonymous_0)
FN:14,(anonymous_1)
FN:17,(anonymous_2)
FN:21,(anonymous_3)
FN:29,(anonymous_4)
FN:42,(anonymous_5)
FN:49,(anonymous_6)
FN:59,(anonymous_7)
FN:67,(anonymous_8)
FN:71,(anonymous_9)
FN:78,(anonymous_10)
FN:92,(anonymous_11)
FN:99,(anonymous_12)
FN:101,(anonymous_13)
FNF:14
FNH:11
FNDA:0,(anonymous_0)
FNDA:1,(anonymous_1)
FNDA:3,(anonymous_2)
FNDA:3,(anonymous_3)
FNDA:1,(anonymous_4)
FNDA:1,(anonymous_5)
FNDA:0,(anonymous_6)
FNDA:0,(anonymous_7)
FNDA:3,(anonymous_8)
FNDA:3,(anonymous_9)
FNDA:1,(anonymous_10)
FNDA:1,(anonymous_11)
FNDA:2,(anonymous_12)
FNDA:2,(anonymous_13)
DA:3,1
DA:4,1
DA:7,1
DA:8,1
DA:9,1
DA:10,1
DA:11,0
DA:14,1
DA:15,1
DA:17,1
DA:19,3
DA:21,3
DA:22,3
DA:23,0
DA:25,3
DA:29,1
DA:31,1
DA:32,1
DA:33,1
DA:42,1
DA:43,1
DA:44,0
DA:46,1
DA:49,1
DA:51,0
DA:52,0
DA:60,0
DA:61,0
DA:63,0
DA:67,1
DA:68,3
DA:69,3
DA:70,3
DA:71,3
DA:72,3
DA:73,0
DA:75,3
DA:78,1
DA:80,1
DA:82,1
DA:83,1
DA:84,1
DA:85,1
DA:86,1
DA:87,1
DA:88,1
DA:89,1
DA:90,1
DA:92,1
DA:93,1
DA:94,0
DA:96,1
DA:99,1
DA:101,2
DA:102,2
DA:103,1
DA:105,1
DA:109,1
LF:58
LH:48
BRDA:22,0,0,0
BRDA:22,0,1,3
BRDA:43,1,0,0
BRDA:43,1,1,1
BRDA:60,2,0,0
BRDA:60,2,1,0
BRDA:72,3,0,0
BRDA:72,3,1,3
BRDA:93,4,0,0
BRDA:93,4,1,1
BRDA:102,5,0,1
BRDA:102,5,1,1
BRF:12
BRH:6
end_of_record
TN:
SF:C:\Users\Administrator\Desktop\Assignment  1 API test automation and Source Control\routes\users.js
FN:5,(anonymous_0)
FNF:1
FNH:0
FNDA:0,(anonymous_0)
DA:2,1
DA:5,1
DA:6,0
DA:9,1
LF:4
LH:3
BRF:0
BRH:0
end_of_record
